<?xml version="1.0" encoding="UTF-8"?>
<!-- Generated by org.testng.reporters.JUnitXMLReporter -->
<testsuite hostname="maya" name="Command line test" tests="6" failures="0" timestamp="3 Jan 2020 08:19:51 GMT" time="44.159" errors="0">
  <testcase name="verifyPageCount" time="6.595" classname="PageTests.PageCountTest"/>
  <testcase name="VerifyCart" time="11.5" classname="PageTests.TestCart"/>
  <testcase name="verifyTabs" time="16.034" classname="PageTests.TestObjects"/>
  <testcase name="verifytitle" time="0.42" classname="PageTests.TestObjects"/>
  <testcase name="VerifySsize" time="3.914" classname="PageTests.TestSML"/>
  <testcase name="verifySubscription" time="5.644" classname="PageTests.TestSubscription"/>
</testsuite> <!-- Command line test -->
