<?xml version="1.0" encoding="UTF-8" ?>
<testsuite tests="6" failures="0" name="TestSuite" time="44.107" errors="0" skipped="0">
  <properties>
[...]
</properties>
  <testcase classname="PageTests.PageCountTest" name="verifyPageCount" time="6.591"/>
  <testcase classname="PageTests.TestCart" name="VerifyCart" time="11.504"/>
  <testcase classname="PageTests.TestObjects" name="verifyTabs" time="16.034"/>
  <testcase classname="PageTests.TestObjects" name="verifytitle" time="0.42"/>
  <testcase classname="PageTests.TestSML" name="VerifySsize" time="3.914"/>
  <testcase classname="PageTests.TestSubscription" name="verifySubscription" time="5.644"/>
</testsuite>