<?xml version="1.0" encoding="UTF-8"?>
<testng-results skipped="0" failed="0" ignored="0" total="1" passed="1">
  <reporter-output>
  </reporter-output>
  <suite name="Default suite" duration-ms="11076" started-at="2020-01-03T08:17:30Z" finished-at="2020-01-03T08:17:41Z">
    <groups>
    </groups>
    <test name="Default test" duration-ms="11076" started-at="2020-01-03T08:17:30Z" finished-at="2020-01-03T08:17:41Z">
      <class name="PageTests.PageCountTest">
        <test-method status="PASS" signature="verifyPageCount()[pri:0, instance:PageTests.PageCountTest@28261e8e]" name="verifyPageCount" duration-ms="10988" started-at="2020-01-03T08:17:30Z" finished-at="2020-01-03T08:17:41Z">
          <reporter-output>
          </reporter-output>
        </test-method> <!-- verifyPageCount -->
      </class> <!-- PageTests.PageCountTest -->
    </test> <!-- Default test -->
  </suite> <!-- Default suite -->
</testng-results>
